<?xml version="1.0" encoding="UTF-8"?>
<!-- Generated by org.testng.reporters.JUnitReportReporter -->
<testsuite hostname="Raju-Laptop" failures="0" tests="2" name="maventest.maventest.Googlesearch" time="2.235" errors="0" timestamp="2023-11-26T12:40:38 IST" skipped="0">
  <testcase classname="maventest.maventest.Googlesearch" name="TEST_01" time="2.205"/>
  <testcase classname="maventest.maventest.Googlesearch" name="TEST_02" time="0.030"/>
</testsuite> <!-- maventest.maventest.Googlesearch -->
